<?xml version="1.0" encoding="UTF-8"?>
<!-- Generated by org.testng.reporters.JUnitReportReporter -->
<testsuite skipped="0" hostname="LAPTOP-A6RHJ6KB" name="com.testNG.ExceptionTimeOutTest" tests="1" failures="0" timestamp="25 Sep 2018 01:06:35 GMT" time="0.007" errors="0">
  <testcase name="test1" time="0.007" classname="com.testNG.ExceptionTimeOutTest"/>
</testsuite> <!-- com.testNG.ExceptionTimeOutTest -->
