<?xml version="1.0" encoding="UTF-8"?>
<!-- Generated by org.testng.reporters.JUnitReportReporter -->
<testsuite skipped="0" hostname="LAPTOP-A6RHJ6KB" name="com.testNG.TestNGBasics" tests="2" failures="0" timestamp="25 Sep 2018 01:06:35 GMT" time="0.006" errors="0">
  <testcase name="googleTitleTest" time="0.002" classname="com.testNG.TestNGBasics"/>
  <testcase name="searchTest" time="0.004" classname="com.testNG.TestNGBasics"/>
</testsuite> <!-- com.testNG.TestNGBasics -->
