<?xml version="1.0" encoding="UTF-8"?>
<!-- Generated by org.testng.reporters.JUnitReportReporter -->
<testsuite skipped="0" hostname="LAPTOP-A6RHJ6KB" name="com.testNG.InvocationCountTest" tests="10" failures="0" timestamp="25 Sep 2018 01:06:35 GMT" time="0.017" errors="0">
  <testcase name="sum" time="0.000" classname="com.testNG.InvocationCountTest"/>
  <testcase name="sum" time="0.002" classname="com.testNG.InvocationCountTest"/>
  <testcase name="sum" time="0.001" classname="com.testNG.InvocationCountTest"/>
  <testcase name="sum" time="0.001" classname="com.testNG.InvocationCountTest"/>
  <testcase name="sum" time="0.000" classname="com.testNG.InvocationCountTest"/>
  <testcase name="sum" time="0.002" classname="com.testNG.InvocationCountTest"/>
  <testcase name="sum" time="0.001" classname="com.testNG.InvocationCountTest"/>
  <testcase name="sum" time="0.002" classname="com.testNG.InvocationCountTest"/>
  <testcase name="sum" time="0.006" classname="com.testNG.InvocationCountTest"/>
  <testcase name="sum" time="0.002" classname="com.testNG.InvocationCountTest"/>
</testsuite> <!-- com.testNG.InvocationCountTest -->
