<?xml version="1.0" encoding="UTF-8"?>
<!-- Generated by org.testng.reporters.JUnitReportReporter -->
<testsuite skipped="0" hostname="LAPTOP-A6RHJ6KB" name="com.testNG.GoogleTitleTest" tests="2" failures="0" timestamp="25 Sep 2018 01:06:35 GMT" time="10.977" errors="0">
  <testcase name="googleLogoTest" time="4.716" classname="com.testNG.GoogleTitleTest"/>
  <testcase name="googleTitleTest" time="6.261" classname="com.testNG.GoogleTitleTest"/>
</testsuite> <!-- com.testNG.GoogleTitleTest -->
