<?xml version="1.0" encoding="UTF-8"?>
<!-- Generated by org.testng.reporters.JUnitReportReporter -->
<testsuite skipped="0" hostname="LAPTOP-A6RHJ6KB" name="com.test.GoogleTest" tests="7" failures="0" timestamp="17 Sep 2018 18:44:00 GMT" time="36.820" errors="0">
  <testcase name="googleTitleTest" time="5.092" classname="com.test.GoogleTest"/>
  <testcase name="googleLogoTest" time="5.192" classname="com.test.GoogleTest"/>
  <testcase name="gmailLinkTest" time="5.285" classname="com.test.GoogleTest"/>
  <testcase name="test1" time="4.954" classname="com.test.GoogleTest"/>
  <testcase name="test2" time="5.702" classname="com.test.GoogleTest"/>
  <testcase name="test3" time="5.087" classname="com.test.GoogleTest"/>
  <testcase name="test4" time="5.508" classname="com.test.GoogleTest"/>
</testsuite> <!-- com.test.GoogleTest -->
