<?xml version="1.0" encoding="UTF-8"?>
<!-- Generated by org.testng.reporters.JUnitReportReporter -->
<testsuite skipped="0" hostname="LAPTOP-A6RHJ6KB" name="com.test.TestNGBasics" tests="2" failures="0" timestamp="17 Sep 2018 16:37:15 GMT" time="0.020" errors="0">
  <testcase name="googleTitleTest" time="0.012" classname="com.test.TestNGBasics"/>
  <testcase name="searchTest" time="0.008" classname="com.test.TestNGBasics"/>
</testsuite> <!-- com.test.TestNGBasics -->
