<?xml version="1.0" encoding="UTF-8"?>
<!-- Generated by org.testng.reporters.JUnitReportReporter -->
<testsuite skipped="0" hostname="LAPTOP-A6RHJ6KB" name="com.test.TestNGFeatures" tests="4" failures="0" timestamp="17 Sep 2018 19:17:30 GMT" time="0.016" errors="0">
  <testcase name="loginTest" time="0.011" classname="com.test.TestNGFeatures"/>
  <testcase name="homePageTest" time="0.001" classname="com.test.TestNGFeatures"/>
  <testcase name="searchPageTest" time="0.002" classname="com.test.TestNGFeatures"/>
  <testcase name="RegPageTest" time="0.002" classname="com.test.TestNGFeatures"/>
</testsuite> <!-- com.test.TestNGFeatures -->
