<?xml version="1.0" encoding="UTF-8"?>
<!-- Generated by org.testng.reporters.JUnitReportReporter -->
<testsuite skipped="0" hostname="LAPTOP-A6RHJ6KB" name="com.crm.qa.testcases.LoginPageTest" tests="1" failures="0" timestamp="03 Oct 2018 06:45:12 GMT" time="6.013" errors="0">
  <testcase name="loginPageTitleTest" time="6.013" classname="com.crm.qa.testcases.LoginPageTest"/>
</testsuite> <!-- com.crm.qa.testcases.LoginPageTest -->
