<?xml version="1.0" encoding="UTF-8"?>
<!-- Generated by org.testng.reporters.JUnitReportReporter -->
<testsuite skipped="0" hostname="LAPTOP-A6RHJ6KB" name="com.crm.qa.testcases.ContactsPageTest" tests="1" failures="0" timestamp="03 Oct 2018 06:45:12 GMT" time="14.822" errors="0">
  <testcase name="verifyContactsPageLabelTest" time="14.822" classname="com.crm.qa.testcases.ContactsPageTest"/>
</testsuite> <!-- com.crm.qa.testcases.ContactsPageTest -->
