<?xml version="1.0" encoding="UTF-8"?>
<!-- Generated by org.testng.reporters.JUnitReportReporter -->
<testsuite skipped="0" hostname="LAPTOP-A6RHJ6KB" name="com.crm.qa.testcases.Selenium" tests="1" failures="0" timestamp="20 Jan 2019 06:17:43 GMT" time="8.932" errors="0">
  <testcase name="Test1" time="8.932" classname="com.crm.qa.testcases.Selenium"/>
</testsuite> <!-- com.crm.qa.testcases.Selenium -->
