<?xml version="1.0" encoding="UTF-8"?>
<!-- Generated by org.testng.reporters.JUnitReportReporter -->
<testsuite skipped="0" hostname="LAPTOP-A6RHJ6KB" name="com.crm.qa.testcases.SampleClass" tests="1" failures="0" timestamp="20 Jan 2019 06:13:22 GMT" time="9.910" errors="0">
  <testcase name="enterText" time="9.910" classname="com.crm.qa.testcases.SampleClass"/>
</testsuite> <!-- com.crm.qa.testcases.SampleClass -->
